[
  {
    "method": "GET",
    "url": "http://localhost:3000/api/assets",
    "status": 200,
    "timestamp": "2026-01-07T13:26:33.431Z"
  },
  {
    "method": "GET",
    "url": "http://localhost:3000/api/assets",
    "status": 200,
    "timestamp": "2026-01-07T13:26:33.431Z"
  },
  {
    "method": "POST",
    "url": "http://localhost:3000/api/assets",
    "status": 201,
    "timestamp": "2026-01-07T13:26:37.737Z"
  },
  {
    "method": "POST",
    "url": "http://localhost:3000/api/assets/cmk41y7xu0000q9sbz5xi2cul/valuations",
    "status": 201,
    "timestamp": "2026-01-07T13:26:38.045Z"
  },
  {
    "method": "GET",
    "url": "http://localhost:3000/api/assets",
    "status": 200,
    "timestamp": "2026-01-07T13:26:38.953Z"
  }
]