[
  {
    "type": "info",
    "text": "%cDownload the React DevTools for a better development experience: https://reactjs.org/link/react-devtools font-weight:bold",
    "timestamp": "2026-01-07T13:27:01.846Z"
  },
  {
    "type": "log",
    "text": "[Inversiones] SUBMIT_HANDLER_CALLED {nombre: 24, montoObjetivoFormatted: 50.000, plazoEstimado: , tipo: financiera, fechaInicio: 2026-01-07}",
    "timestamp": "2026-01-07T13:27:03.484Z"
  },
  {
    "type": "log",
    "text": "[Inversiones] EARLY_RETURN: Validación fallida - plazo vacío",
    "timestamp": "2026-01-07T13:27:03.485Z"
  },
  {
    "type": "log",
    "text": "[InvestmentEvent] SUBMIT_HANDLER_CALLED {inversion: cmjx9zmqh0000jx6qd8jvc0ko, montoFormatted: 5.000, tipoEvento: aporte, fecha: 2026-01-07, moneda: ARS}",
    "timestamp": "2026-01-07T13:27:06.118Z"
  },
  {
    "type": "log",
    "text": "[InvestmentEvent] POST_API_CALL: createInvestmentEvent {investmentId: cmjx9zmqh0000jx6qd8jvc0ko, eventData: Object}",
    "timestamp": "2026-01-07T13:27:06.118Z"
  },
  {
    "type": "log",
    "text": "[InvestmentEvent] POST_API_RESPONSE {id: cmk41yudv0004q9sbt1lbbwtr, investmentId: cmjx9zmqh0000jx6qd8jvc0ko, type: aporte, amountUSD: 0.005, date: 2026-01-07T00:00:00.000Z}",
    "timestamp": "2026-01-07T13:27:07.139Z"
  }
]