[
  {
    "method": "GET",
    "url": "http://localhost:3000/api/concepts",
    "status": 200,
    "timestamp": "2026-01-07T13:18:22.021Z"
  },
  {
    "method": "GET",
    "url": "http://localhost:3000/api/concepts",
    "status": 200,
    "timestamp": "2026-01-07T13:18:22.021Z"
  },
  {
    "method": "GET",
    "url": "http://localhost:3000/api/months",
    "status": 200,
    "timestamp": "2026-01-07T13:18:22.021Z"
  },
  {
    "method": "GET",
    "url": "http://localhost:3000/api/concepts",
    "status": 200,
    "timestamp": "2026-01-07T13:18:22.021Z"
  },
  {
    "method": "GET",
    "url": "http://localhost:3000/api/concepts",
    "status": 200,
    "timestamp": "2026-01-07T13:18:22.021Z"
  },
  {
    "method": "GET",
    "url": "http://localhost:3000/api/months",
    "status": 200,
    "timestamp": "2026-01-07T13:18:22.021Z"
  },
  {
    "method": "GET",
    "url": "http://localhost:3000/api/concepts",
    "status": 200,
    "timestamp": "2026-01-07T13:18:23.494Z"
  },
  {
    "method": "GET",
    "url": "http://localhost:3000/api/concepts",
    "status": 200,
    "timestamp": "2026-01-07T13:18:23.603Z"
  },
  {
    "method": "GET",
    "url": "http://localhost:3000/api/movements?year=2026&month=1",
    "status": 200,
    "timestamp": "2026-01-07T13:18:23.798Z"
  },
  {
    "method": "GET",
    "url": "http://localhost:3000/api/movements?year=2026&month=1",
    "status": 200,
    "timestamp": "2026-01-07T13:18:23.914Z"
  },
  {
    "method": "GET",
    "url": "http://localhost:3000/api/movements?year=2026&month=1",
    "status": 200,
    "timestamp": "2026-01-07T13:18:25.108Z"
  },
  {
    "method": "POST",
    "url": "http://localhost:3000/api/concepts",
    "status": 201,
    "timestamp": "2026-01-07T13:18:26.848Z"
  },
  {
    "method": "GET",
    "url": "http://localhost:3000/api/concepts",
    "status": 200,
    "timestamp": "2026-01-07T13:18:27.440Z"
  },
  {
    "method": "POST",
    "url": "http://localhost:3000/api/movements",
    "status": 201,
    "timestamp": "2026-01-07T13:18:27.593Z"
  }
]